<?xml version="1.0" encoding="UTF-8"?>
<testsuite xmlns:xsi="http://www.w3.org/2001/XMLSchema-instance" xsi:noNamespaceSchemaLocation="https://maven.apache.org/surefire/maven-surefire-plugin/xsd/surefire-test-report-3.0.xsd" version="3.0" name="com.sse.auth.JwtServiceTest" time="0.152" tests="3" errors="0" skipped="0" failures="0">
  <properties>
[...]
</properties>
  <testcase name="tamperedTokenReturnsEmpty" classname="com.sse.auth.JwtServiceTest" time="0.139"/>
  <testcase name="invalidTokenReturnsEmpty" classname="com.sse.auth.JwtServiceTest" time="0.001"/>
  <testcase name="generateAndExtractClientId" classname="com.sse.auth.JwtServiceTest" time="0.003"/>
</testsuite>